Log file open, 05/27/25 14:02:13
LogWindows: Failed to load 'aqProf.dll' (GetLastError=126)
LogWindows: File 'aqProf.dll' does not exist
LogWindows: Failed to load 'VtuneApi.dll' (GetLastError=126)
LogWindows: File 'VtuneApi.dll' does not exist
LogWindows: Failed to load 'VtuneApi32e.dll' (GetLastError=126)
LogWindows: File 'VtuneApi32e.dll' does not exist
LogConsoleResponse: Display: Failed to find resolution value strings in scalability ini. Falling back to default.
LogConsoleResponse: Display: Failed to find resolution value strings in scalability ini. Falling back to default.
LogInit: Display: Running engine for game: Lesson2
LogPlatformFile: Not using cached read wrapper
LogTaskGraph: Started task graph with 5 named threads and 23 total threads with 3 sets of task threads.
LogStats: Stats thread started at 0.274793
LogICUInternationalization: ICU TimeZone Detection - Raw Offset: +3:00, Platform Override: ''
LogInit: Display: Loading text-based GConfig....
LogPluginManager: Mounting plugin MeshPainting
LogPluginManager: Mounting plugin XGEController
LogPluginManager: Mounting plugin Paper2D
LogPluginManager: Mounting plugin AISupport
LogPluginManager: Mounting plugin EnvironmentQueryEditor
LogPluginManager: Mounting plugin LightPropagationVolume
LogPluginManager: Mounting plugin CameraShakePreviewer
LogPluginManager: Mounting plugin GameplayCameras
LogPluginManager: Mounting plugin LiveLink
LogPluginManager: Mounting plugin AssetManagerEditor
LogPluginManager: Mounting plugin OodleData
LogPluginManager: Mounting plugin CryptoKeys
LogPluginManager: Mounting plugin CurveEditorTools
LogPluginManager: Mounting plugin OodleNetwork
LogPluginManager: Mounting plugin DataValidation
LogPluginManager: Mounting plugin GameplayTagsEditor
LogPluginManager: Mounting plugin FacialAnimation
LogPluginManager: Mounting plugin GeometryMode
LogPluginManager: Mounting plugin MacGraphicsSwitching
LogPluginManager: Mounting plugin MaterialAnalyzer
LogPluginManager: Mounting plugin MobileLauncherProfileWizard
LogPluginManager: Mounting plugin SpeedTreeImporter
LogPluginManager: Mounting plugin AnimationSharing
LogPluginManager: Mounting plugin PluginBrowser
LogPluginManager: Mounting plugin CLionSourceCodeAccess
LogPluginManager: Mounting plugin CodeLiteSourceCodeAccess
LogPluginManager: Mounting plugin GitSourceControl
LogPluginManager: Mounting plugin KDevelopSourceCodeAccess
LogPluginManager: Mounting plugin NullSourceCodeAccess
LogPluginManager: Mounting plugin PerforceSourceControl
LogPluginManager: Mounting plugin PixWinPlugin
LogPluginManager: Mounting plugin PlasticSourceControl
LogPluginManager: Mounting plugin PropertyAccessNode
LogPluginManager: Mounting plugin PluginUtils
LogPluginManager: Mounting plugin RiderSourceCodeAccess
LogPluginManager: Mounting plugin SubversionSourceControl
LogPluginManager: Mounting plugin TextureFormatOodle
LogPluginManager: Mounting plugin UObjectPlugin
LogPluginManager: Mounting plugin VisualStudioSourceCodeAccess
LogPluginManager: Mounting plugin XCodeSourceCodeAccess
LogPluginManager: Mounting plugin VisualStudioCodeSourceCodeAccess
LogPluginManager: Mounting plugin Niagara
LogPluginManager: Mounting plugin DatasmithContent
LogPluginManager: Mounting plugin VariantManagerContent
LogPluginManager: Mounting plugin LuminPlatformFeatures
LogPluginManager: Mounting plugin MagicLeap
LogPluginManager: Mounting plugin MagicLeapLightEstimation
LogPluginManager: Mounting plugin MagicLeapMedia
LogPluginManager: Mounting plugin MagicLeapPassableWorld
LogPluginManager: Mounting plugin MLSDK
LogPluginManager: Mounting plugin AndroidMedia
LogPluginManager: Mounting plugin AvfMedia
LogPluginManager: Mounting plugin ImgMedia
LogPluginManager: Mounting plugin MediaCompositing
LogPluginManager: Mounting plugin MediaPlayerEditor
LogPluginManager: Mounting plugin WebMMedia
LogPluginManager: Mounting plugin WmfMedia
LogPluginManager: Mounting plugin TcpMessaging
LogPluginManager: Mounting plugin UdpMessaging
LogPluginManager: Mounting plugin AlembicImporter
LogPluginManager: Mounting plugin AutomationUtils
LogPluginManager: Mounting plugin BackChannel
LogPluginManager: Mounting plugin ChaosCloth
LogPluginManager: Mounting plugin ChaosClothEditor
LogPluginManager: Mounting plugin ChaosEditor
LogPluginManager: Mounting plugin ChaosNiagara
LogPluginManager: Mounting plugin ChaosSolverPlugin
LogPluginManager: Mounting plugin CharacterAI
LogPluginManager: Mounting plugin GeometryCache
LogPluginManager: Mounting plugin GeometryCollectionPlugin
LogPluginManager: Mounting plugin GeometryProcessing
LogPluginManager: Mounting plugin MotoSynth
LogPluginManager: Mounting plugin OpenImageDenoise
LogPluginManager: Mounting plugin PlanarCut
LogPluginManager: Mounting plugin PlatformCrypto
LogPluginManager: Mounting plugin ProxyLODPlugin
LogPluginManager: Mounting plugin SkeletalReduction
LogPluginManager: Mounting plugin PythonScriptPlugin
LogPluginManager: Mounting plugin ActorSequence
LogPluginManager: Mounting plugin LevelSequenceEditor
LogPluginManager: Mounting plugin MatineeToLevelSequence
LogPluginManager: Mounting plugin TemplateSequence
LogPluginManager: Mounting plugin LauncherChunkInstaller
LogPluginManager: Mounting plugin OnlineSubsystem
LogPluginManager: Mounting plugin OnlineSubsystemNull
LogPluginManager: Mounting plugin OnlineSubsystemUtils
LogPluginManager: Mounting plugin ActorLayerUtilities
LogPluginManager: Mounting plugin AndroidDeviceProfileSelector
LogPluginManager: Mounting plugin AndroidMoviePlayer
LogPluginManager: Mounting plugin AndroidPermission
LogPluginManager: Mounting plugin AppleImageUtils
LogPluginManager: Mounting plugin AppleMoviePlayer
LogPluginManager: Mounting plugin ArchVisCharacter
LogPluginManager: Mounting plugin AssetTags
LogPluginManager: Mounting plugin AudioCapture
LogPluginManager: Mounting plugin AudioSynesthesia
LogPluginManager: Mounting plugin CableComponent
LogPluginManager: Mounting plugin ChunkDownloader
LogPluginManager: Mounting plugin CustomMeshComponent
LogPluginManager: Mounting plugin EditableMesh
LogPluginManager: Mounting plugin ExampleDeviceProfileSelector
LogPluginManager: Mounting plugin GoogleCloudMessaging
LogPluginManager: Mounting plugin GooglePAD
LogPluginManager: Mounting plugin IOSDeviceProfileSelector
LogPluginManager: Mounting plugin LinuxDeviceProfileSelector
LogPluginManager: Mounting plugin LocationServicesBPLibrary
LogPluginManager: Mounting plugin MobilePatchingUtils
LogPluginManager: Mounting plugin ScreenshotTools
LogPluginManager: Mounting plugin OpenXR
LogPluginManager: Mounting plugin OpenXRHandTracking
LogPluginManager: Mounting plugin OpenXREyeTracker
LogPluginManager: Mounting plugin PhysXVehicles
LogPluginManager: Mounting plugin PostSplashScreen
LogPluginManager: Mounting plugin Takes
LogPluginManager: Mounting plugin ProceduralMeshComponent
LogPluginManager: Mounting plugin PropertyAccessEditor
LogPluginManager: Mounting plugin RuntimePhysXCooking
LogPluginManager: Mounting plugin SignificanceManager
LogPluginManager: Mounting plugin SoundFields
LogPluginManager: Mounting plugin Synthesis
LogPluginManager: Mounting plugin WebMMoviePlayer
LogPluginManager: Mounting plugin WindowsMoviePlayer
LogPluginManager: Mounting plugin ContentBrowserClassDataSource
LogPluginManager: Mounting plugin ContentBrowserFileDataSource
LogPluginManager: Mounting plugin ContentBrowserAssetDataSource
LogPluginManager: Mounting plugin OnlineSubsystemGooglePlay
LogPluginManager: Mounting plugin OnlineSubsystemIOS
LogPluginManager: Mounting plugin OculusVR
LogPluginManager: Mounting plugin SteamVR
PixWinPlugin: PIX capture plugin failed to initialize! Check that the process is launched from PIX.
LogInit: Using libcurl 7.55.1-DEV
LogInit:  - built for x86_64-pc-win32
LogInit:  - supports SSL with OpenSSL/1.1.1
LogInit:  - supports HTTP deflate (compression) using libz 1.2.8
LogInit:  - other features:
LogInit:      CURL_VERSION_SSL
LogInit:      CURL_VERSION_LIBZ
LogInit:      CURL_VERSION_IPV6
LogInit:      CURL_VERSION_ASYNCHDNS
LogInit:      CURL_VERSION_LARGEFILE
LogInit:      CURL_VERSION_IDN
LogInit:  CurlRequestOptions (configurable via config and command line):
LogInit:  - bVerifyPeer = true  - Libcurl will verify peer certificate
LogInit:  - bUseHttpProxy = false  - Libcurl will NOT use HTTP proxy
LogInit:  - bDontReuseConnections = false  - Libcurl will reuse connections
LogInit:  - MaxHostConnections = 16  - Libcurl will limit the number of connections to a host
LogInit:  - LocalHostAddr = Default
LogInit:  - BufferSize = 65536
LogOnline: OSS: Creating online subsystem instance for: NULL
LogInit: WinSock: version 1.1 (2.2), MaxSocks=32767, MaxUdp=65467
LogOnline: OSS: TryLoadSubsystemAndSetDefault: Loaded subsystem for module [NULL]
LogOculusPluginWrapper: OculusPlugin initialized successfully
LogHMD: Failed initializing OVRPlugin 1.59.0
LogInit: Build: ++UE4+Release-4.27-CL-18319896
LogInit: Engine Version: 4.27.2-18319896+++UE4+Release-4.27
LogInit: Compatible Engine Version: 4.27.0-17155196+++UE4+Release-4.27
LogInit: Net CL: 17155196
LogInit: OS: Windows 10 (Release 2009) (), CPU: 11th Gen Intel(R) Core(TM) i7-1165G7 @ 2.80GHz, GPU: Intel(R) Iris(R) Xe Graphics
LogInit: Compiled (64-bit): Nov 30 2021 07:12:08
LogInit: Compiled with Visual C++: 19.24.28315.00
LogInit: Build Configuration: Development
LogInit: Branch Name: ++UE4+Release-4.27
LogInit: Command Line:  /Game/ThirdPersonBP/Maps/ThirdPersonExampleMap -game -PIEVIACONSOLE -Multiprocess "GameUserSettingsINI=D:/Университет/6 семестр/VR/Lesson2/Saved/Config/Windows/PIEGameUserSettings0.ini" -MultiprocessSaveConfig -forcepassthrough -messaging -SessionName="Play in Standalone Game" -windowed -ResX=1280 -ResY=720
LogInit: Base Directory: D:/UE_4.27/Engine/Binaries/Win64/
LogInit: Allocator: TBB
LogInit: Installed Engine Build: 1
LogDevObjectVersion: Number of dev versions registered: 29
LogDevObjectVersion:   Dev-Blueprints (B0D832E4-1F89-4F0D-ACCF-7EB736FD4AA2): 10
LogDevObjectVersion:   Dev-Build (E1C64328-A22C-4D53-A36C-8E866417BD8C): 0
LogDevObjectVersion:   Dev-Core (375EC13C-06E4-48FB-B500-84F0262A717E): 4
LogDevObjectVersion:   Dev-Editor (E4B068ED-F494-42E9-A231-DA0B2E46BB41): 40
LogDevObjectVersion:   Dev-Framework (CFFC743F-43B0-4480-9391-14DF171D2073): 37
LogDevObjectVersion:   Dev-Mobile (B02B49B5-BB20-44E9-A304-32B752E40360): 3
LogDevObjectVersion:   Dev-Networking (A4E4105C-59A1-49B5-A7C5-40C4547EDFEE): 0
LogDevObjectVersion:   Dev-Online (39C831C9-5AE6-47DC-9A44-9C173E1C8E7C): 0
LogDevObjectVersion:   Dev-Physics (78F01B33-EBEA-4F98-B9B4-84EACCB95AA2): 14
LogDevObjectVersion:   Dev-Platform (6631380F-2D4D-43E0-8009-CF276956A95A): 0
LogDevObjectVersion:   Dev-Rendering (12F88B9F-8875-4AFC-A67C-D90C383ABD29): 45
LogDevObjectVersion:   Dev-Sequencer (7B5AE74C-D270-4C10-A958-57980B212A5A): 13
LogDevObjectVersion:   Dev-VR (D7296918-1DD6-4BDD-9DE2-64A83CC13884): 3
LogDevObjectVersion:   Dev-LoadTimes (C2A15278-BFE7-4AFE-6C17-90FF531DF755): 1
LogDevObjectVersion:   Private-Geometry (6EACA3D4-40EC-4CC1-B786-8BED09428FC5): 3
LogDevObjectVersion:   Dev-AnimPhys (29E575DD-E0A3-4627-9D10-D276232CDCEA): 17
LogDevObjectVersion:   Dev-Anim (AF43A65D-7FD3-4947-9873-3E8ED9C1BB05): 15
LogDevObjectVersion:   Dev-ReflectionCapture (6B266CEC-1EC7-4B8F-A30B-E4D90942FC07): 1
LogDevObjectVersion:   Dev-Automation (0DF73D61-A23F-47EA-B727-89E90C41499A): 1
LogDevObjectVersion:   FortniteMain (601D1886-AC64-4F84-AA16-D3DE0DEAC7D6): 47
LogDevObjectVersion:   FortniteRelease (E7086368-6B23-4C58-8439-1B7016265E91): 1
LogDevObjectVersion:   Dev-Enterprise (9DFFBCD6-494F-0158-E221-12823C92A888): 10
LogDevObjectVersion:   Dev-Niagara (F2AED0AC-9AFE-416F-8664-AA7FFA26D6FC): 1
LogDevObjectVersion:   Dev-Destruction (174F1F0B-B4C6-45A5-B13F-2EE8D0FB917D): 10
LogDevObjectVersion:   Dev-Physics-Ext (35F94A83-E258-406C-A318-09F59610247C): 41
LogDevObjectVersion:   Dev-PhysicsMaterial-Chaos (B68FC16E-8B1B-42E2-B453-215C058844FE): 1
LogDevObjectVersion:   Dev-CineCamera (B2E18506-4273-CFC2-A54E-F4BB758BBA07): 1
LogDevObjectVersion:   Dev-VirtualProduction (64F58936-FD1B-42BA-BA96-7289D5D0FA4E): 1
LogDevObjectVersion:   Dev-MediaFramework (6F0ED827-A609-4895-9C91-998D90180EA4): 2
LogInit: Presizing for max 25165824 objects, including 0 objects not considered by GC, pre-allocating 0 bytes for permanent pool.
LogConfig: Applying CVar settings from Section [/Script/Engine.StreamingSettings] File [D:/Университет/6 семестр/VR/Lesson2/Saved/Config/Windows/Engine.ini]
LogConfig: Setting CVar [[s.MinBulkDataSizeForAsyncLoading:131072]]
LogConfig: Setting CVar [[s.AsyncLoadingThreadEnabled:0]]
LogConfig: Setting CVar [[s.EventDrivenLoaderEnabled:1]]
LogConfig: Setting CVar [[s.WarnIfTimeLimitExceeded:0]]
LogConfig: Setting CVar [[s.TimeLimitExceededMultiplier:1.5]]
LogConfig: Setting CVar [[s.TimeLimitExceededMinTime:0.005]]
LogConfig: Setting CVar [[s.UseBackgroundLevelStreaming:1]]
LogConfig: Setting CVar [[s.PriorityAsyncLoadingExtraTime:15.0]]
LogConfig: Setting CVar [[s.LevelStreamingActorsUpdateTimeLimit:5.0]]
LogConfig: Setting CVar [[s.PriorityLevelStreamingActorsUpdateExtraTime:5.0]]
LogConfig: Setting CVar [[s.LevelStreamingComponentsRegistrationGranularity:10]]
LogConfig: Setting CVar [[s.UnregisterComponentsTimeLimit:1.0]]
LogConfig: Setting CVar [[s.LevelStreamingComponentsUnregistrationGranularity:5]]
LogConfig: Setting CVar [[s.FlushStreamingOnExit:1]]
LogInit: Object subsystem initialized
LogConfig: Setting CVar [[con.DebugEarlyDefault:1]]
LogConfig: Setting CVar [[r.setres:1280x720]]
[2025.05.27-11.02.13:539][  0]LogConfig: Setting CVar [[con.DebugEarlyDefault:1]]
[2025.05.27-11.02.13:539][  0]LogConfig: Setting CVar [[r.setres:1280x720]]
[2025.05.27-11.02.13:539][  0]LogConfig: Applying CVar settings from Section [/Script/Engine.RendererSettings] File [D:/Университет/6 семестр/VR/Lesson2/Saved/Config/Windows/Engine.ini]
[2025.05.27-11.02.13:539][  0]LogConfig: Setting CVar [[r.GPUCrashDebugging:0]]
[2025.05.27-11.02.13:539][  0]LogConfig: Applying CVar settings from Section [/Script/Engine.RendererOverrideSettings] File [D:/Университет/6 семестр/VR/Lesson2/Saved/Config/Windows/Engine.ini]
[2025.05.27-11.02.13:539][  0]LogConfig: Applying CVar settings from Section [/Script/Engine.StreamingSettings] File [D:/Университет/6 семестр/VR/Lesson2/Saved/Config/Windows/Engine.ini]
[2025.05.27-11.02.13:539][  0]LogConfig: Setting CVar [[s.MinBulkDataSizeForAsyncLoading:131072]]
[2025.05.27-11.02.13:539][  0]LogConfig: Setting CVar [[s.AsyncLoadingThreadEnabled:0]]
[2025.05.27-11.02.13:539][  0]LogConfig: Setting CVar [[s.EventDrivenLoaderEnabled:1]]
[2025.05.27-11.02.13:539][  0]LogConfig: Setting CVar [[s.WarnIfTimeLimitExceeded:0]]
[2025.05.27-11.02.13:539][  0]LogConfig: Setting CVar [[s.TimeLimitExceededMultiplier:1.5]]
[2025.05.27-11.02.13:539][  0]LogConfig: Setting CVar [[s.TimeLimitExceededMinTime:0.005]]
[2025.05.27-11.02.13:540][  0]LogConfig: Setting CVar [[s.UseBackgroundLevelStreaming:1]]
[2025.05.27-11.02.13:540][  0]LogConfig: Setting CVar [[s.PriorityAsyncLoadingExtraTime:15.0]]
[2025.05.27-11.02.13:540][  0]LogConfig: Setting CVar [[s.LevelStreamingActorsUpdateTimeLimit:5.0]]
[2025.05.27-11.02.13:540][  0]LogConfig: Setting CVar [[s.PriorityLevelStreamingActorsUpdateExtraTime:5.0]]
[2025.05.27-11.02.13:540][  0]LogConfig: Setting CVar [[s.LevelStreamingComponentsRegistrationGranularity:10]]
[2025.05.27-11.02.13:540][  0]LogConfig: Setting CVar [[s.UnregisterComponentsTimeLimit:1.0]]
[2025.05.27-11.02.13:540][  0]LogConfig: Setting CVar [[s.LevelStreamingComponentsUnregistrationGranularity:5]]
[2025.05.27-11.02.13:540][  0]LogConfig: Setting CVar [[s.FlushStreamingOnExit:1]]
[2025.05.27-11.02.13:540][  0]LogConfig: Applying CVar settings from Section [/Script/Engine.GarbageCollectionSettings] File [D:/Университет/6 семестр/VR/Lesson2/Saved/Config/Windows/Engine.ini]
[2025.05.27-11.02.13:540][  0]LogConfig: Setting CVar [[gc.MaxObjectsNotConsideredByGC:1]]
[2025.05.27-11.02.13:540][  0]LogConfig: Setting CVar [[gc.SizeOfPermanentObjectPool:0]]
[2025.05.27-11.02.13:540][  0]LogConfig: Setting CVar [[gc.FlushStreamingOnGC:0]]
[2025.05.27-11.02.13:540][  0]LogConfig: Setting CVar [[gc.NumRetriesBeforeForcingGC:10]]
[2025.05.27-11.02.13:540][  0]LogConfig: Setting CVar [[gc.AllowParallelGC:1]]
[2025.05.27-11.02.13:540][  0]LogConfig: Setting CVar [[gc.TimeBetweenPurgingPendingKillObjects:61.1]]
[2025.05.27-11.02.13:540][  0]LogConfig: Setting CVar [[gc.MaxObjectsInEditor:25165824]]
[2025.05.27-11.02.13:540][  0]LogConfig: Setting CVar [[gc.IncrementalBeginDestroyEnabled:1]]
[2025.05.27-11.02.13:540][  0]LogConfig: Setting CVar [[gc.CreateGCClusters:1]]
[2025.05.27-11.02.13:540][  0]LogConfig: Setting CVar [[gc.MinGCClusterSize:5]]
[2025.05.27-11.02.13:540][  0]LogConfig: Setting CVar [[gc.ActorClusteringEnabled:0]]
[2025.05.27-11.02.13:540][  0]LogConfig: Setting CVar [[gc.BlueprintClusteringEnabled:0]]
[2025.05.27-11.02.13:540][  0]LogConfig: Setting CVar [[gc.UseDisregardForGCOnDedicatedServers:0]]
[2025.05.27-11.02.13:540][  0]LogConfig: Setting CVar [[gc.MultithreadedDestructionEnabled:1]]
[2025.05.27-11.02.13:540][  0]LogConfig: Applying CVar settings from Section [/Script/Engine.NetworkSettings] File [D:/Университет/6 семестр/VR/Lesson2/Saved/Config/Windows/Engine.ini]
[2025.05.27-11.02.13:540][  0]LogConfig: Applying CVar settings from Section [/Script/UnrealEd.CookerSettings] File [D:/Университет/6 семестр/VR/Lesson2/Saved/Config/Windows/Engine.ini]
[2025.05.27-11.02.13:557][  0]LogConfig: Applying CVar settings from Section [ViewDistanceQuality@3] File [D:/Университет/6 семестр/VR/Lesson2/Saved/Config/Windows/Scalability.ini]
[2025.05.27-11.02.13:557][  0]LogConfig: Setting CVar [[r.SkeletalMeshLODBias:0]]
[2025.05.27-11.02.13:557][  0]LogConfig: Setting CVar [[r.ViewDistanceScale:1.0]]
[2025.05.27-11.02.13:557][  0]LogConfig: Applying CVar settings from Section [AntiAliasingQuality@3] File [D:/Университет/6 семестр/VR/Lesson2/Saved/Config/Windows/Scalability.ini]
[2025.05.27-11.02.13:557][  0]LogConfig: Setting CVar [[r.PostProcessAAQuality:4]]
[2025.05.27-11.02.13:557][  0]LogConfig: Applying CVar settings from Section [ShadowQuality@3] File [D:/Университет/6 семестр/VR/Lesson2/Saved/Config/Windows/Scalability.ini]
[2025.05.27-11.02.13:557][  0]LogConfig: Setting CVar [[r.LightFunctionQuality:1]]
[2025.05.27-11.02.13:557][  0]LogConfig: Setting CVar [[r.ShadowQuality:5]]
[2025.05.27-11.02.13:557][  0]LogConfig: Setting CVar [[r.Shadow.CSM.MaxCascades:10]]
[2025.05.27-11.02.13:557][  0]LogConfig: Setting CVar [[r.Shadow.MaxResolution:2048]]
[2025.05.27-11.02.13:557][  0]LogConfig: Setting CVar [[r.Shadow.MaxCSMResolution:2048]]
[2025.05.27-11.02.13:557][  0]LogConfig: Setting CVar [[r.Shadow.RadiusThreshold:0.01]]
[2025.05.27-11.02.13:557][  0]LogConfig: Setting CVar [[r.Shadow.DistanceScale:1.0]]
[2025.05.27-11.02.13:557][  0]LogConfig: Setting CVar [[r.Shadow.CSM.TransitionScale:1.0]]
[2025.05.27-11.02.13:557][  0]LogConfig: Setting CVar [[r.Shadow.PreShadowResolutionFactor:1.0]]
[2025.05.27-11.02.13:557][  0]LogConfig: Setting CVar [[r.DistanceFieldShadowing:1]]
[2025.05.27-11.02.13:557][  0]LogConfig: Setting CVar [[r.DistanceFieldAO:1]]
[2025.05.27-11.02.13:557][  0]LogConfig: Setting CVar [[r.AOQuality:2]]
[2025.05.27-11.02.13:557][  0]LogConfig: Setting CVar [[r.VolumetricFog:1]]
[2025.05.27-11.02.13:557][  0]LogConfig: Setting CVar [[r.VolumetricFog.GridPixelSize:8]]
[2025.05.27-11.02.13:557][  0]LogConfig: Setting CVar [[r.VolumetricFog.GridSizeZ:128]]
[2025.05.27-11.02.13:557][  0]LogConfig: Setting CVar [[r.VolumetricFog.HistoryMissSupersampleCount:4]]
[2025.05.27-11.02.13:557][  0]LogConfig: Setting CVar [[r.LightMaxDrawDistanceScale:1]]
[2025.05.27-11.02.13:557][  0]LogConfig: Setting CVar [[r.CapsuleShadows:1]]
[2025.05.27-11.02.13:557][  0]LogConfig: Applying CVar settings from Section [PostProcessQuality@3] File [D:/Университет/6 семестр/VR/Lesson2/Saved/Config/Windows/Scalability.ini]
[2025.05.27-11.02.13:557][  0]LogConfig: Setting CVar [[r.MotionBlurQuality:4]]
[2025.05.27-11.02.13:557][  0]LogConfig: Setting CVar [[r.AmbientOcclusionMipLevelFactor:0.4]]
[2025.05.27-11.02.13:557][  0]LogConfig: Setting CVar [[r.AmbientOcclusionMaxQuality:100]]
[2025.05.27-11.02.13:557][  0]LogConfig: Setting CVar [[r.AmbientOcclusionLevels:-1]]
[2025.05.27-11.02.13:557][  0]LogConfig: Setting CVar [[r.AmbientOcclusionRadiusScale:1.0]]
[2025.05.27-11.02.13:557][  0]LogConfig: Setting CVar [[r.DepthOfFieldQuality:2]]
[2025.05.27-11.02.13:557][  0]LogConfig: Setting CVar [[r.RenderTargetPoolMin:400]]
[2025.05.27-11.02.13:557][  0]LogConfig: Setting CVar [[r.LensFlareQuality:2]]
[2025.05.27-11.02.13:557][  0]LogConfig: Setting CVar [[r.SceneColorFringeQuality:1]]
[2025.05.27-11.02.13:557][  0]LogConfig: Setting CVar [[r.EyeAdaptationQuality:2]]
[2025.05.27-11.02.13:557][  0]LogConfig: Setting CVar [[r.BloomQuality:5]]
[2025.05.27-11.02.13:557][  0]LogConfig: Setting CVar [[r.FastBlurThreshold:100]]
[2025.05.27-11.02.13:557][  0]LogConfig: Setting CVar [[r.Upscale.Quality:3]]
[2025.05.27-11.02.13:557][  0]LogConfig: Setting CVar [[r.Tonemapper.GrainQuantization:1]]
[2025.05.27-11.02.13:557][  0]LogConfig: Setting CVar [[r.LightShaftQuality:1]]
[2025.05.27-11.02.13:557][  0]LogConfig: Setting CVar [[r.Filter.SizeScale:1]]
[2025.05.27-11.02.13:557][  0]LogConfig: Setting CVar [[r.Tonemapper.Quality:5]]
[2025.05.27-11.02.13:557][  0]LogConfig: Setting CVar [[r.DOF.Gather.AccumulatorQuality:1        ; higher gathering accumulator quality]]
[2025.05.27-11.02.13:557][  0]LogConfig: Setting CVar [[r.DOF.Gather.PostfilterMethod:1          ; Median3x3 postfilering method]]
[2025.05.27-11.02.13:557][  0]LogConfig: Setting CVar [[r.DOF.Gather.EnableBokehSettings:0       ; no bokeh simulation when gathering]]
[2025.05.27-11.02.13:557][  0]LogConfig: Setting CVar [[r.DOF.Gather.RingCount:4                 ; medium number of samples when gathering]]
[2025.05.27-11.02.13:557][  0]LogConfig: Setting CVar [[r.DOF.Scatter.ForegroundCompositing:1    ; additive foreground scattering]]
[2025.05.27-11.02.13:557][  0]LogConfig: Setting CVar [[r.DOF.Scatter.BackgroundCompositing:2    ; additive background scattering]]
[2025.05.27-11.02.13:557][  0]LogConfig: Setting CVar [[r.DOF.Scatter.EnableBokehSettings:1      ; bokeh simulation when scattering]]
[2025.05.27-11.02.13:557][  0]LogConfig: Setting CVar [[r.DOF.Scatter.MaxSpriteRatio:0.1         ; only a maximum of 10% of scattered bokeh]]
[2025.05.27-11.02.13:557][  0]LogConfig: Setting CVar [[r.DOF.Recombine.Quality:1                ; cheap slight out of focus]]
[2025.05.27-11.02.13:557][  0]LogConfig: Setting CVar [[r.DOF.Recombine.EnableBokehSettings:0    ; no bokeh simulation on slight out of focus]]
[2025.05.27-11.02.13:557][  0]LogConfig: Setting CVar [[r.DOF.TemporalAAQuality:1                ; more stable temporal accumulation]]
[2025.05.27-11.02.13:557][  0]LogConfig: Setting CVar [[r.DOF.Kernel.MaxForegroundRadius:0.025]]
[2025.05.27-11.02.13:557][  0]LogConfig: Setting CVar [[r.DOF.Kernel.MaxBackgroundRadius:0.025]]
[2025.05.27-11.02.13:557][  0]LogConfig: Applying CVar settings from Section [TextureQuality@3] File [D:/Университет/6 семестр/VR/Lesson2/Saved/Config/Windows/Scalability.ini]
[2025.05.27-11.02.13:557][  0]LogConfig: Setting CVar [[r.Streaming.MipBias:0]]
[2025.05.27-11.02.13:557][  0]LogConfig: Setting CVar [[r.Streaming.AmortizeCPUToGPUCopy:0]]
[2025.05.27-11.02.13:557][  0]LogConfig: Setting CVar [[r.Streaming.MaxNumTexturesToStreamPerFrame:0]]
[2025.05.27-11.02.13:557][  0]LogConfig: Setting CVar [[r.Streaming.Boost:1]]
[2025.05.27-11.02.13:557][  0]LogConfig: Setting CVar [[r.MaxAnisotropy:8]]
[2025.05.27-11.02.13:557][  0]LogConfig: Setting CVar [[r.VT.MaxAnisotropy:8]]
[2025.05.27-11.02.13:557][  0]LogConfig: Setting CVar [[r.Streaming.LimitPoolSizeToVRAM:0]]
[2025.05.27-11.02.13:557][  0]LogConfig: Setting CVar [[r.Streaming.PoolSize:1000]]
[2025.05.27-11.02.13:557][  0]LogConfig: Setting CVar [[r.Streaming.MaxEffectiveScreenSize:0]]
[2025.05.27-11.02.13:557][  0]LogConfig: Applying CVar settings from Section [EffectsQuality@3] File [D:/Университет/6 семестр/VR/Lesson2/Saved/Config/Windows/Scalability.ini]
[2025.05.27-11.02.13:557][  0]LogConfig: Setting CVar [[r.TranslucencyLightingVolumeDim:64]]
[2025.05.27-11.02.13:557][  0]LogConfig: Setting CVar [[r.RefractionQuality:2]]
[2025.05.27-11.02.13:557][  0]LogConfig: Setting CVar [[r.SSR.Quality:3]]
[2025.05.27-11.02.13:557][  0]LogConfig: Setting CVar [[r.SSR.HalfResSceneColor:0]]
[2025.05.27-11.02.13:557][  0]LogConfig: Setting CVar [[r.SceneColorFormat:4]]
[2025.05.27-11.02.13:557][  0]LogConfig: Setting CVar [[r.DetailMode:2]]
[2025.05.27-11.02.13:557][  0]LogConfig: Setting CVar [[r.TranslucencyVolumeBlur:1]]
[2025.05.27-11.02.13:557][  0]LogConfig: Setting CVar [[r.MaterialQualityLevel:1 ; High quality]]
[2025.05.27-11.02.13:557][  0]LogConfig: Setting CVar [[r.AnisotropicMaterials:1]]
[2025.05.27-11.02.13:557][  0]LogConfig: Setting CVar [[r.SSS.Scale:1]]
[2025.05.27-11.02.13:557][  0]LogConfig: Setting CVar [[r.SSS.SampleSet:2]]
[2025.05.27-11.02.13:557][  0]LogConfig: Setting CVar [[r.SSS.Quality:1]]
[2025.05.27-11.02.13:557][  0]LogConfig: Setting CVar [[r.SSS.HalfRes:0]]
[2025.05.27-11.02.13:557][  0]LogConfig: Setting CVar [[r.SSGI.Quality:3]]
[2025.05.27-11.02.13:557][  0]LogConfig: Setting CVar [[r.EmitterSpawnRateScale:1.0]]
[2025.05.27-11.02.13:557][  0]LogConfig: Setting CVar [[r.ParticleLightQuality:2]]
[2025.05.27-11.02.13:557][  0]LogConfig: Setting CVar [[r.SkyAtmosphere.AerialPerspectiveLUT.FastApplyOnOpaque:1 ; Always have FastSkyLUT 1 in this case to avoid wrong sky]]
[2025.05.27-11.02.13:557][  0]LogConfig: Setting CVar [[r.SkyAtmosphere.AerialPerspectiveLUT.SampleCountMaxPerSlice:4]]
[2025.05.27-11.02.13:557][  0]LogConfig: Setting CVar [[r.SkyAtmosphere.AerialPerspectiveLUT.DepthResolution:16.0]]
[2025.05.27-11.02.13:557][  0]LogConfig: Setting CVar [[r.SkyAtmosphere.FastSkyLUT:1]]
[2025.05.27-11.02.13:557][  0]LogConfig: Setting CVar [[r.SkyAtmosphere.FastSkyLUT.SampleCountMin:4.0]]
[2025.05.27-11.02.13:557][  0]LogConfig: Setting CVar [[r.SkyAtmosphere.FastSkyLUT.SampleCountMax:128.0]]
[2025.05.27-11.02.13:557][  0]LogConfig: Setting CVar [[r.SkyAtmosphere.SampleCountMin:4.0]]
[2025.05.27-11.02.13:557][  0]LogConfig: Setting CVar [[r.SkyAtmosphere.SampleCountMax:128.0]]
[2025.05.27-11.02.13:558][  0]LogConfig: Setting CVar [[r.SkyAtmosphere.TransmittanceLUT.UseSmallFormat:0]]
[2025.05.27-11.02.13:558][  0]LogConfig: Setting CVar [[r.SkyAtmosphere.TransmittanceLUT.SampleCount:10.0]]
[2025.05.27-11.02.13:558][  0]LogConfig: Setting CVar [[r.SkyAtmosphere.MultiScatteringLUT.SampleCount:15.0]]
[2025.05.27-11.02.13:558][  0]LogConfig: Setting CVar [[r.SkyLight.RealTimeReflectionCapture:1]]
[2025.05.27-11.02.13:558][  0]LogConfig: Applying CVar settings from Section [FoliageQuality@3] File [D:/Университет/6 семестр/VR/Lesson2/Saved/Config/Windows/Scalability.ini]
[2025.05.27-11.02.13:558][  0]LogConfig: Setting CVar [[foliage.DensityScale:1.0]]
[2025.05.27-11.02.13:558][  0]LogConfig: Setting CVar [[grass.DensityScale:1.0]]
[2025.05.27-11.02.13:558][  0]LogConfig: Applying CVar settings from Section [ShadingQuality@3] File [D:/Университет/6 семестр/VR/Lesson2/Saved/Config/Windows/Scalability.ini]
[2025.05.27-11.02.13:558][  0]LogConfig: Setting CVar [[r.HairStrands.SkyLighting.IntegrationType:2]]
[2025.05.27-11.02.13:558][  0]LogConfig: Setting CVar [[r.HairStrands.SkyAO.SampleCount:4]]
[2025.05.27-11.02.13:558][  0]LogConfig: Setting CVar [[r.HairStrands.Visibility.MSAA.SamplePerPixel:4]]
[2025.05.27-11.02.13:558][  0]LogInit: Selected Device Profile: [Windows]
[2025.05.27-11.02.13:558][  0]LogInit: Applying CVar settings loaded from the selected device profile: [Windows]
[2025.05.27-11.02.13:558][  0]LogHAL: Display: Platform has ~ 16 GB [16889192448 / 17179869184 / 16], which maps to Larger [LargestMinGB=32, LargerMinGB=12, DefaultMinGB=8, SmallerMinGB=6, SmallestMinGB=0)
[2025.05.27-11.02.13:558][  0]LogInit: Going up to parent DeviceProfile []
[2025.05.27-11.02.13:558][  0]LogConfig: Applying CVar settings from Section [ViewDistanceQuality@3] File [D:/Университет/6 семестр/VR/Lesson2/Saved/Config/Windows/Scalability.ini]
[2025.05.27-11.02.13:558][  0]LogConfig: Setting CVar [[r.SkeletalMeshLODBias:0]]
[2025.05.27-11.02.13:558][  0]LogConfig: Setting CVar [[r.ViewDistanceScale:1.0]]
[2025.05.27-11.02.13:558][  0]LogConfig: Applying CVar settings from Section [AntiAliasingQuality@3] File [D:/Университет/6 семестр/VR/Lesson2/Saved/Config/Windows/Scalability.ini]
[2025.05.27-11.02.13:558][  0]LogConfig: Setting CVar [[r.PostProcessAAQuality:4]]
[2025.05.27-11.02.13:558][  0]LogConfig: Applying CVar settings from Section [ShadowQuality@3] File [D:/Университет/6 семестр/VR/Lesson2/Saved/Config/Windows/Scalability.ini]
[2025.05.27-11.02.13:558][  0]LogConfig: Setting CVar [[r.LightFunctionQuality:1]]
[2025.05.27-11.02.13:558][  0]LogConfig: Setting CVar [[r.ShadowQuality:5]]
[2025.05.27-11.02.13:558][  0]LogConfig: Setting CVar [[r.Shadow.CSM.MaxCascades:10]]
[2025.05.27-11.02.13:558][  0]LogConfig: Setting CVar [[r.Shadow.MaxResolution:2048]]
[2025.05.27-11.02.13:558][  0]LogConfig: Setting CVar [[r.Shadow.MaxCSMResolution:2048]]
[2025.05.27-11.02.13:558][  0]LogConfig: Setting CVar [[r.Shadow.RadiusThreshold:0.01]]
[2025.05.27-11.02.13:558][  0]LogConfig: Setting CVar [[r.Shadow.DistanceScale:1.0]]
[2025.05.27-11.02.13:558][  0]LogConfig: Setting CVar [[r.Shadow.CSM.TransitionScale:1.0]]
[2025.05.27-11.02.13:558][  0]LogConfig: Setting CVar [[r.Shadow.PreShadowResolutionFactor:1.0]]
[2025.05.27-11.02.13:558][  0]LogConfig: Setting CVar [[r.DistanceFieldShadowing:1]]
[2025.05.27-11.02.13:558][  0]LogConfig: Setting CVar [[r.DistanceFieldAO:1]]
[2025.05.27-11.02.13:558][  0]LogConfig: Setting CVar [[r.AOQuality:2]]
[2025.05.27-11.02.13:558][  0]LogConfig: Setting CVar [[r.VolumetricFog:1]]
[2025.05.27-11.02.13:558][  0]LogConfig: Setting CVar [[r.VolumetricFog.GridPixelSize:8]]
[2025.05.27-11.02.13:558][  0]LogConfig: Setting CVar [[r.VolumetricFog.GridSizeZ:128]]
[2025.05.27-11.02.13:558][  0]LogConfig: Setting CVar [[r.VolumetricFog.HistoryMissSupersampleCount:4]]
[2025.05.27-11.02.13:558][  0]LogConfig: Setting CVar [[r.LightMaxDrawDistanceScale:1]]
[2025.05.27-11.02.13:558][  0]LogConfig: Setting CVar [[r.CapsuleShadows:1]]
[2025.05.27-11.02.13:558][  0]LogConfig: Applying CVar settings from Section [PostProcessQuality@3] File [D:/Университет/6 семестр/VR/Lesson2/Saved/Config/Windows/Scalability.ini]
[2025.05.27-11.02.13:558][  0]LogConfig: Setting CVar [[r.MotionBlurQuality:4]]
[2025.05.27-11.02.13:558][  0]LogConfig: Setting CVar [[r.AmbientOcclusionMipLevelFactor:0.4]]
[2025.05.27-11.02.13:558][  0]LogConfig: Setting CVar [[r.AmbientOcclusionMaxQuality:100]]
[2025.05.27-11.02.13:558][  0]LogConfig: Setting CVar [[r.AmbientOcclusionLevels:-1]]
[2025.05.27-11.02.13:558][  0]LogConfig: Setting CVar [[r.AmbientOcclusionRadiusScale:1.0]]
[2025.05.27-11.02.13:558][  0]LogConfig: Setting CVar [[r.DepthOfFieldQuality:2]]
[2025.05.27-11.02.13:558][  0]LogConfig: Setting CVar [[r.RenderTargetPoolMin:400]]
[2025.05.27-11.02.13:558][  0]LogConfig: Setting CVar [[r.LensFlareQuality:2]]
[2025.05.27-11.02.13:558][  0]LogConfig: Setting CVar [[r.SceneColorFringeQuality:1]]
[2025.05.27-11.02.13:558][  0]LogConfig: Setting CVar [[r.EyeAdaptationQuality:2]]
[2025.05.27-11.02.13:558][  0]LogConfig: Setting CVar [[r.BloomQuality:5]]
[2025.05.27-11.02.13:558][  0]LogConfig: Setting CVar [[r.FastBlurThreshold:100]]
[2025.05.27-11.02.13:558][  0]LogConfig: Setting CVar [[r.Upscale.Quality:3]]
[2025.05.27-11.02.13:558][  0]LogConfig: Setting CVar [[r.Tonemapper.GrainQuantization:1]]
[2025.05.27-11.02.13:558][  0]LogConfig: Setting CVar [[r.LightShaftQuality:1]]
[2025.05.27-11.02.13:558][  0]LogConfig: Setting CVar [[r.Filter.SizeScale:1]]
[2025.05.27-11.02.13:558][  0]LogConfig: Setting CVar [[r.Tonemapper.Quality:5]]
[2025.05.27-11.02.13:558][  0]LogConfig: Setting CVar [[r.DOF.Gather.AccumulatorQuality:1        ; higher gathering accumulator quality]]
[2025.05.27-11.02.13:558][  0]LogConfig: Setting CVar [[r.DOF.Gather.PostfilterMethod:1          ; Median3x3 postfilering method]]
[2025.05.27-11.02.13:558][  0]LogConfig: Setting CVar [[r.DOF.Gather.EnableBokehSettings:0       ; no bokeh simulation when gathering]]
[2025.05.27-11.02.13:558][  0]LogConfig: Setting CVar [[r.DOF.Gather.RingCount:4                 ; medium number of samples when gathering]]
[2025.05.27-11.02.13:558][  0]LogConfig: Setting CVar [[r.DOF.Scatter.ForegroundCompositing:1    ; additive foreground scattering]]
[2025.05.27-11.02.13:558][  0]LogConfig: Setting CVar [[r.DOF.Scatter.BackgroundCompositing:2    ; additive background scattering]]
[2025.05.27-11.02.13:558][  0]LogConfig: Setting CVar [[r.DOF.Scatter.EnableBokehSettings:1      ; bokeh simulation when scattering]]
[2025.05.27-11.02.13:558][  0]LogConfig: Setting CVar [[r.DOF.Scatter.MaxSpriteRatio:0.1         ; only a maximum of 10% of scattered bokeh]]
[2025.05.27-11.02.13:558][  0]LogConfig: Setting CVar [[r.DOF.Recombine.Quality:1                ; cheap slight out of focus]]
[2025.05.27-11.02.13:558][  0]LogConfig: Setting CVar [[r.DOF.Recombine.EnableBokehSettings:0    ; no bokeh simulation on slight out of focus]]
[2025.05.27-11.02.13:558][  0]LogConfig: Setting CVar [[r.DOF.TemporalAAQuality:1                ; more stable temporal accumulation]]
[2025.05.27-11.02.13:559][  0]LogConfig: Setting CVar [[r.DOF.Kernel.MaxForegroundRadius:0.025]]
[2025.05.27-11.02.13:559][  0]LogConfig: Setting CVar [[r.DOF.Kernel.MaxBackgroundRadius:0.025]]
[2025.05.27-11.02.13:559][  0]LogConfig: Applying CVar settings from Section [TextureQuality@3] File [D:/Университет/6 семестр/VR/Lesson2/Saved/Config/Windows/Scalability.ini]
[2025.05.27-11.02.13:559][  0]LogConfig: Setting CVar [[r.Streaming.MipBias:0]]
[2025.05.27-11.02.13:559][  0]LogConfig: Setting CVar [[r.Streaming.AmortizeCPUToGPUCopy:0]]
[2025.05.27-11.02.13:559][  0]LogConfig: Setting CVar [[r.Streaming.MaxNumTexturesToStreamPerFrame:0]]
[2025.05.27-11.02.13:559][  0]LogConfig: Setting CVar [[r.Streaming.Boost:1]]
[2025.05.27-11.02.13:559][  0]LogConfig: Setting CVar [[r.MaxAnisotropy:8]]
[2025.05.27-11.02.13:559][  0]LogConfig: Setting CVar [[r.VT.MaxAnisotropy:8]]
[2025.05.27-11.02.13:559][  0]LogConfig: Setting CVar [[r.Streaming.LimitPoolSizeToVRAM:0]]
[2025.05.27-11.02.13:559][  0]LogConfig: Setting CVar [[r.Streaming.PoolSize:1000]]
[2025.05.27-11.02.13:559][  0]LogConfig: Setting CVar [[r.Streaming.MaxEffectiveScreenSize:0]]
[2025.05.27-11.02.13:559][  0]LogConfig: Applying CVar settings from Section [EffectsQuality@3] File [D:/Университет/6 семестр/VR/Lesson2/Saved/Config/Windows/Scalability.ini]
[2025.05.27-11.02.13:559][  0]LogConfig: Setting CVar [[r.TranslucencyLightingVolumeDim:64]]
[2025.05.27-11.02.13:559][  0]LogConfig: Setting CVar [[r.RefractionQuality:2]]
[2025.05.27-11.02.13:559][  0]LogConfig: Setting CVar [[r.SSR.Quality:3]]
[2025.05.27-11.02.13:559][  0]LogConfig: Setting CVar [[r.SSR.HalfResSceneColor:0]]
[2025.05.27-11.02.13:559][  0]LogConfig: Setting CVar [[r.SceneColorFormat:4]]
[2025.05.27-11.02.13:559][  0]LogConfig: Setting CVar [[r.DetailMode:2]]
[2025.05.27-11.02.13:559][  0]LogConfig: Setting CVar [[r.TranslucencyVolumeBlur:1]]
[2025.05.27-11.02.13:559][  0]LogConfig: Setting CVar [[r.MaterialQualityLevel:1 ; High quality]]
[2025.05.27-11.02.13:559][  0]LogConfig: Setting CVar [[r.AnisotropicMaterials:1]]
[2025.05.27-11.02.13:559][  0]LogConfig: Setting CVar [[r.SSS.Scale:1]]
[2025.05.27-11.02.13:559][  0]LogConfig: Setting CVar [[r.SSS.SampleSet:2]]
[2025.05.27-11.02.13:559][  0]LogConfig: Setting CVar [[r.SSS.Quality:1]]
[2025.05.27-11.02.13:559][  0]LogConfig: Setting CVar [[r.SSS.HalfRes:0]]
[2025.05.27-11.02.13:559][  0]LogConfig: Setting CVar [[r.SSGI.Quality:3]]
[2025.05.27-11.02.13:559][  0]LogConfig: Setting CVar [[r.EmitterSpawnRateScale:1.0]]
[2025.05.27-11.02.13:559][  0]LogConfig: Setting CVar [[r.ParticleLightQuality:2]]
[2025.05.27-11.02.13:559][  0]LogConfig: Setting CVar [[r.SkyAtmosphere.AerialPerspectiveLUT.FastApplyOnOpaque:1 ; Always have FastSkyLUT 1 in this case to avoid wrong sky]]
[2025.05.27-11.02.13:559][  0]LogConfig: Setting CVar [[r.SkyAtmosphere.AerialPerspectiveLUT.SampleCountMaxPerSlice:4]]
[2025.05.27-11.02.13:559][  0]LogConfig: Setting CVar [[r.SkyAtmosphere.AerialPerspectiveLUT.DepthResolution:16.0]]
[2025.05.27-11.02.13:559][  0]LogConfig: Setting CVar [[r.SkyAtmosphere.FastSkyLUT:1]]
[2025.05.27-11.02.13:559][  0]LogConfig: Setting CVar [[r.SkyAtmosphere.FastSkyLUT.SampleCountMin:4.0]]
[2025.05.27-11.02.13:559][  0]LogConfig: Setting CVar [[r.SkyAtmosphere.FastSkyLUT.SampleCountMax:128.0]]
[2025.05.27-11.02.13:559][  0]LogConfig: Setting CVar [[r.SkyAtmosphere.SampleCountMin:4.0]]
[2025.05.27-11.02.13:559][  0]LogConfig: Setting CVar [[r.SkyAtmosphere.SampleCountMax:128.0]]
[2025.05.27-11.02.13:559][  0]LogConfig: Setting CVar [[r.SkyAtmosphere.TransmittanceLUT.UseSmallFormat:0]]
[2025.05.27-11.02.13:559][  0]LogConfig: Setting CVar [[r.SkyAtmosphere.TransmittanceLUT.SampleCount:10.0]]
[2025.05.27-11.02.13:559][  0]LogConfig: Setting CVar [[r.SkyAtmosphere.MultiScatteringLUT.SampleCount:15.0]]
[2025.05.27-11.02.13:559][  0]LogConfig: Setting CVar [[r.SkyLight.RealTimeReflectionCapture:1]]
[2025.05.27-11.02.13:559][  0]LogConfig: Applying CVar settings from Section [FoliageQuality@3] File [D:/Университет/6 семестр/VR/Lesson2/Saved/Config/Windows/Scalability.ini]
[2025.05.27-11.02.13:559][  0]LogConfig: Setting CVar [[foliage.DensityScale:1.0]]
[2025.05.27-11.02.13:559][  0]LogConfig: Setting CVar [[grass.DensityScale:1.0]]
[2025.05.27-11.02.13:559][  0]LogConfig: Applying CVar settings from Section [ShadingQuality@3] File [D:/Университет/6 семестр/VR/Lesson2/Saved/Config/Windows/Scalability.ini]
[2025.05.27-11.02.13:559][  0]LogConfig: Setting CVar [[r.HairStrands.SkyLighting.IntegrationType:2]]
[2025.05.27-11.02.13:559][  0]LogConfig: Setting CVar [[r.HairStrands.SkyAO.SampleCount:4]]
[2025.05.27-11.02.13:559][  0]LogConfig: Setting CVar [[r.HairStrands.Visibility.MSAA.SamplePerPixel:4]]
[2025.05.27-11.02.13:559][  0]LogConfig: Applying CVar settings from Section [Startup] File [../../../Engine/Config/ConsoleVariables.ini]
[2025.05.27-11.02.13:560][  0]LogConfig: Setting CVar [[net.UseAdaptiveNetUpdateFrequency:0]]
[2025.05.27-11.02.13:560][  0]LogConfig: Setting CVar [[p.chaos.AllowCreatePhysxBodies:1]]
[2025.05.27-11.02.13:560][  0]LogConfig: Setting CVar [[fx.SkipVectorVMBackendOptimizations:1]]
[2025.05.27-11.02.13:560][  0]LogConfig: Applying CVar settings from Section [ConsoleVariables] File [D:/Университет/6 семестр/VR/Lesson2/Saved/Config/Windows/Engine.ini]
[2025.05.27-11.02.13:560][  0]LogConfig: Applying CVar settings from Section [ConsoleVariables] File [D:/Университет/6 семестр/VR/Lesson2/Saved/Config/Windows/Editor.ini]
[2025.05.27-11.02.13:560][  0]LogInit: Computer: DESKTOP-06CE692
[2025.05.27-11.02.13:560][  0]LogInit: User: Home
[2025.05.27-11.02.13:560][  0]LogInit: CPU Page size=4096, Cores=4
[2025.05.27-11.02.13:560][  0]LogInit: High frequency timer resolution =10.000000 MHz
[2025.05.27-11.02.13:560][  0]LogMemory: Memory total: Physical=15.7GB (16GB approx)
[2025.05.27-11.02.13:560][  0]LogMemory: Platform Memory Stats for Windows
[2025.05.27-11.02.13:560][  0]LogMemory: Process Physical Memory: 143.96 MB used, 143.96 MB peak
[2025.05.27-11.02.13:560][  0]LogMemory: Process Virtual Memory: 115.38 MB used, 115.38 MB peak
[2025.05.27-11.02.13:560][  0]LogMemory: Physical Memory: 7581.68 MB used,  8525.11 MB free, 16106.79 MB total
[2025.05.27-11.02.13:560][  0]LogMemory: Virtual Memory: 134206984.00 MB used,  10742.84 MB free, 134217728.00 MB total
[2025.05.27-11.02.13:565][  0]LogWindows: WindowsPlatformFeatures enabled
[2025.05.27-11.02.13:589][  0]LogInit: Physics initialised using underlying interface: PhysX
[2025.05.27-11.02.13:589][  0]LogInit: Using OS detected language (ru-RU).
[2025.05.27-11.02.13:589][  0]LogInit: Using OS detected locale (ru-RU).
[2025.05.27-11.02.13:591][  0]LogTextLocalizationManager: No specific localization for 'ru-RU' exists, so the 'ru' localization will be used.
[2025.05.27-11.02.13:593][  0]LogTextLocalizationResource: LocRes '../../../Engine/Content/Localization/Editor/ru/Editor.locres' could not be opened for reading!
[2025.05.27-11.02.13:593][  0]LogTextLocalizationResource: LocRes '../../../Engine/Content/Localization/EditorTutorials/ru/EditorTutorials.locres' could not be opened for reading!
[2025.05.27-11.02.13:593][  0]LogTextLocalizationResource: LocRes '../../../Engine/Content/Localization/Keywords/ru/Keywords.locres' could not be opened for reading!
[2025.05.27-11.02.13:593][  0]LogTextLocalizationResource: LocRes '../../../Engine/Content/Localization/Category/ru/Category.locres' could not be opened for reading!
[2025.05.27-11.02.13:593][  0]LogTextLocalizationResource: LocRes '../../../Engine/Content/Localization/ToolTips/ru/ToolTips.locres' could not be opened for reading!
[2025.05.27-11.02.13:594][  0]LogTextLocalizationResource: LocRes '../../../Engine/Content/Localization/PropertyNames/ru/PropertyNames.locres' could not be opened for reading!
[2025.05.27-11.02.13:594][  0]LogTextLocalizationResource: LocRes '../../../Engine/Content/Localization/Engine/ru/Engine.locres' could not be opened for reading!
[2025.05.27-11.02.13:603][  0]LogWindowsTextInputMethodSystem: Display: IME system deactivated.
[2025.05.27-11.02.13:634][  0]LogSlate: New Slate User Created.  User Index 0, Is Virtual User: 0
[2025.05.27-11.02.13:634][  0]LogSlate: Slate User Registered.  User Index 0, Is Virtual User: 0
[2025.05.27-11.02.13:661][  0]LogD3D11RHI: Loaded GFSDK_Aftermath_Lib.x64.dll
[2025.05.27-11.02.13:665][  0]LogHMD: Failed to initialize OpenVR with code 110
[2025.05.27-11.02.13:665][  0]LogD3D11RHI: D3D11 min allowed feature level: 11_0
[2025.05.27-11.02.13:665][  0]LogD3D11RHI: D3D11 max allowed feature level: 11_0
[2025.05.27-11.02.13:665][  0]LogD3D11RHI: D3D11 adapters:
[2025.05.27-11.02.13:751][  0]LogD3D11RHI:    0. 'Intel(R) Iris(R) Xe Graphics' (Feature Level 11_0)
[2025.05.27-11.02.13:751][  0]LogD3D11RHI:       128/0/8053 MB DedicatedVideo/DedicatedSystem/SharedSystem, Outputs:2, VendorId:0x8086
[2025.05.27-11.02.13:755][  0]LogD3D11RHI:    1. 'Microsoft Basic Render Driver' (Feature Level 11_0)
[2025.05.27-11.02.13:755][  0]LogD3D11RHI:       0/0/8053 MB DedicatedVideo/DedicatedSystem/SharedSystem, Outputs:0, VendorId:0x1414
[2025.05.27-11.02.13:755][  0]LogD3D11RHI: Chosen D3D11 Adapter:
[2025.05.27-11.02.13:755][  0]LogD3D11RHI:     Description : Intel(R) Iris(R) Xe Graphics
[2025.05.27-11.02.13:755][  0]LogD3D11RHI:     VendorId    : 8086
[2025.05.27-11.02.13:755][  0]LogD3D11RHI:     DeviceId    : 9a49
[2025.05.27-11.02.13:755][  0]LogD3D11RHI:     SubSysId    : a241028
[2025.05.27-11.02.13:755][  0]LogD3D11RHI:     Revision    : 0001
[2025.05.27-11.02.13:755][  0]LogD3D11RHI:     DedicatedVideoMemory : 134217728 bytes
[2025.05.27-11.02.13:755][  0]LogD3D11RHI:     DedicatedSystemMemory : 0 bytes
[2025.05.27-11.02.13:755][  0]LogD3D11RHI:     SharedSystemMemory : 8444596224 bytes
[2025.05.27-11.02.13:755][  0]LogD3D11RHI:     AdapterLuid : 0 63037
[2025.05.27-11.02.13:763][  0]LogD3D11RHI: Creating new Direct3DDevice
[2025.05.27-11.02.13:763][  0]LogD3D11RHI:     GPU DeviceId: 0x9a49 (for the marketing name, search the web for "GPU Device Id")
[2025.05.27-11.02.13:763][  0]LogWindows: EnumDisplayDevices:
[2025.05.27-11.02.13:763][  0]LogWindows:    0. 'Intel(R) Iris(R) Xe Graphics' (P:1 D:1)
[2025.05.27-11.02.13:763][  0]LogWindows:    1. 'Intel(R) Iris(R) Xe Graphics' (P:0 D:1)
[2025.05.27-11.02.13:764][  0]LogWindows:    2. 'Intel(R) Iris(R) Xe Graphics' (P:0 D:0)
[2025.05.27-11.02.13:764][  0]LogWindows:    3. 'Intel(R) Iris(R) Xe Graphics' (P:0 D:0)
[2025.05.27-11.02.13:764][  0]LogWindows: DebugString: FoundDriverCount:4 
[2025.05.27-11.02.13:764][  0]LogD3D11RHI:     Adapter Name: Intel(R) Iris(R) Xe Graphics
[2025.05.27-11.02.13:764][  0]LogD3D11RHI:   Driver Version: 31.0.101.5333 (internal:31.0.101.5333, unified:31.0.101.5333)
[2025.05.27-11.02.13:764][  0]LogD3D11RHI:      Driver Date: 2-21-2024
[2025.05.27-11.02.13:764][  0]LogRHI: Texture pool is 1523 MB (70% of 2176 MB)
[2025.05.27-11.02.13:772][  0]LogD3D11RHI: Creating D3DDevice using adapter:
[2025.05.27-11.02.13:772][  0]LogD3D11RHI:     Description : Intel(R) Iris(R) Xe Graphics
[2025.05.27-11.02.13:772][  0]LogD3D11RHI:     VendorId    : 8086
[2025.05.27-11.02.13:772][  0]LogD3D11RHI:     DeviceId    : 9a49
[2025.05.27-11.02.13:772][  0]LogD3D11RHI:     SubSysId    : a241028
[2025.05.27-11.02.13:772][  0]LogD3D11RHI:     Revision    : 0001
[2025.05.27-11.02.13:772][  0]LogD3D11RHI:     DedicatedVideoMemory : 134217728 bytes
[2025.05.27-11.02.13:772][  0]LogD3D11RHI:     DedicatedSystemMemory : 0 bytes
[2025.05.27-11.02.13:772][  0]LogD3D11RHI:     SharedSystemMemory : 8444596224 bytes
[2025.05.27-11.02.13:772][  0]LogD3D11RHI:     AdapterLuid : 0 63037
[2025.05.27-11.02.13:832][  0]LogD3D11RHI: RHI does not have support for 64 bit atomics
[2025.05.27-11.02.13:843][  0]LogD3D11RHI: Intel Extensions support version Full=16777216, Major=1, Minor=0, Revision=0
[2025.05.27-11.02.13:843][  0]LogD3D11RHI: Intel Extensions support version Full=16777217, Major=1, Minor=0, Revision=1
[2025.05.27-11.02.13:843][  0]LogD3D11RHI: Intel Extensions Framework enabled
[2025.05.27-11.02.13:844][  0]LogD3D11RHI: [IntelMetricsDiscovery] Started
[2025.05.27-11.02.13:844][  0]LogD3D11RHI: Async texture creation enabled
[2025.05.27-11.02.13:844][  0]LogD3D11RHI: Array index from any shader is supported
[2025.05.27-11.02.13:853][  0]LogD3D11RHI: GPU Timing Frequency: 19.200000 (Debug: 2 0)
[2025.05.27-11.02.14:266][  0]LogTargetPlatformManager: Display: Loaded TargetPlatform 'WindowsNoEditor'
[2025.05.27-11.02.14:271][  0]LogTargetPlatformManager: Display: Loaded TargetPlatform 'Windows'
[2025.05.27-11.02.14:278][  0]LogTargetPlatformManager: Display: Loaded TargetPlatform 'WindowsClient'
[2025.05.27-11.02.14:283][  0]LogTargetPlatformManager: Display: Loaded TargetPlatform 'WindowsServer'
[2025.05.27-11.02.14:283][  0]LogTargetPlatformManager: Display: Building Assets For Windows
[2025.05.27-11.02.14:294][  0]LogAudioDebug: Display: Lib vorbis DLL was dynamically loaded.
[2025.05.27-11.02.14:333][  0]LogTextureFormatOodle: Display: Oodle Texture 2.9.0 init RDO Off
[2025.05.27-11.02.14:371][  0]LogRendererCore: Ray tracing is disabled. Reason: r.RayTracing=0.
[2025.05.27-11.02.14:371][  0]LogShaderCompilers: Guid format shader working directory is 2 characters bigger than the processId version (../../../../Университет/6 семестр/VR/Lesson2/Intermediate/Shaders/WorkingDirectory/8552/).
[2025.05.27-11.02.14:372][  0]LogShaderCompilers: Cleaned the shader compiler working directory 'C:/Users/shanp/AppData/Local/Temp/UnrealShaderWorkingDir/E1FA1C05415ED063F621D8A5BF276F52/'.
[2025.05.27-11.02.14:372][  0]LogXGEController: Cannot use XGE Controller as Incredibuild is not installed on this machine.
[2025.05.27-11.02.14:372][  0]LogShaderCompilers: Cannot use XGE Shader Compiler as Incredibuild is not installed on this machine.
[2025.05.27-11.02.14:372][  0]LogShaderCompilers: Display: Using Local Shader Compiler.
[2025.05.27-11.02.15:383][  0]LogDerivedDataCache: Display: Max Cache Size: 512 MB
[2025.05.27-11.02.15:499][  0]LogDerivedDataCache: Loaded boot cache 0.12s 122MB C:/Users/shanp/AppData/Local/UnrealEngine/4.27/DerivedDataCache/Boot.ddc.
[2025.05.27-11.02.15:499][  0]LogDerivedDataCache: Display: Loaded Boot cache: C:/Users/shanp/AppData/Local/UnrealEngine/4.27/DerivedDataCache/Boot.ddc
[2025.05.27-11.02.15:500][  0]LogDerivedDataCache: FDerivedDataBackendGraph:  Pak pak cache file ../../../../Университет/6 семестр/VR/Lesson2/DerivedDataCache/DDC.ddp not found, will not use a pak cache.
[2025.05.27-11.02.15:500][  0]LogDerivedDataCache: Unable to find inner node Pak for hierarchical cache Hierarchy.
[2025.05.27-11.02.15:500][  0]LogDerivedDataCache: FDerivedDataBackendGraph:  CompressedPak pak cache file ../../../../Университет/6 семестр/VR/Lesson2/DerivedDataCache/Compressed.ddp not found, will not use a pak cache.
[2025.05.27-11.02.15:500][  0]LogDerivedDataCache: Unable to find inner node CompressedPak for hierarchical cache Hierarchy.
[2025.05.27-11.02.15:528][  0]LogDerivedDataCache: Display: Pak cache opened for reading ../../../Engine/DerivedDataCache/Compressed.ddp.
[2025.05.27-11.02.15:528][  0]LogDerivedDataCache: FDerivedDataBackendGraph:  EnterprisePak pak cache file ../../../Enterprise/DerivedDataCache/Compressed.ddp not found, will not use a pak cache.
[2025.05.27-11.02.15:528][  0]LogDerivedDataCache: Unable to find inner node EnterprisePak for hierarchical cache Hierarchy.
[2025.05.27-11.02.15:539][  0]LogDerivedDataCache: Speed tests for C:/Users/shanp/AppData/Local/UnrealEngine/Common/DerivedDataCache took 0.01 seconds
[2025.05.27-11.02.15:539][  0]LogDerivedDataCache: Display: Performance to C:/Users/shanp/AppData/Local/UnrealEngine/Common/DerivedDataCache: Latency=0.04ms. RandomReadSpeed=1013.17MBs, RandomWriteSpeed=98.13MBs. Assigned SpeedClass 'Local'
[2025.05.27-11.02.15:555][  0]LogDerivedDataCache: Using Local data cache path C:/Users/shanp/AppData/Local/UnrealEngine/Common/DerivedDataCache: Writable
[2025.05.27-11.02.15:555][  0]LogDerivedDataCache: Shared data cache path not found in *engine.ini, will not use an Shared cache.
[2025.05.27-11.02.15:555][  0]LogDerivedDataCache: Unable to find inner node Shared for hierarchical cache Hierarchy.
[2025.05.27-11.02.15:611][  0]LogSlate: Using FreeType 2.10.0
[2025.05.27-11.02.15:612][  0]LogSlate: SlateFontServices - WITH_FREETYPE: 1, WITH_HARFBUZZ: 1
[2025.05.27-11.02.15:708][  0]LogInit: Using OS detected language (ru-RU).
[2025.05.27-11.02.15:708][  0]LogInit: Using OS detected locale (ru-RU).
[2025.05.27-11.02.15:708][  0]LogTextLocalizationManager: No localization for 'ru-RU' exists, so 'en' will be used for the language.
[2025.05.27-11.02.15:708][  0]LogTextLocalizationManager: No localization for 'ru-RU' exists, so 'en' will be used for the locale.
[2025.05.27-11.02.15:709][  0]LogSlate: FontCache flush requested. Reason: Culture for localization was changed
[2025.05.27-11.02.15:709][  0]LogSlate: FontCache flush requested. Reason: Culture for localization was changed
[2025.05.27-11.02.15:714][  0]LogAssetRegistry: FAssetRegistry took 0.0026 seconds to start up
[2025.05.27-11.02.15:978][  0]LogTextLocalizationManager: Compacting localization data took   0.02ms
[2025.05.27-11.02.15:978][  0]LogPackageLocalizationCache: Processed 27 localized package path(s) for 1 prioritized culture(s) in 0.002783 seconds
[2025.05.27-11.02.16:081][  0]LogInit: Selected Device Profile: [Windows]
[2025.05.27-11.02.16:081][  0]LogInit: Active device profile: [000001918476EE00][00000191851B9480 49] Windows
[2025.05.27-11.02.16:081][  0]LogInit: Profiles: [000001918476EE00][00000191851B9480 49] Windows, [0000019184729400][00000191851C1600 49] WindowsNoEditor, [000001918476D400][00000191851BD740 49] WindowsServer, [000001918472A400][00000191851C5880 49] WindowsClient, [000001918476CC00][00000191851C99C0 49] IOS, [000001918472BA00][00000191851CDB00 49] iPadAir, [000001918476FF00][00000191851D4100 49] iPadAir2, [00000191846D6A00][00000191851DC3C0 49] IPadPro, [00000191846D6B00][00000191851D8400 49] iPadAir3, [000001918476C100][00000191851E0580 49] iPadAir4, [00000191846D7600][00000191851E4700 49] iPadMini2, [000001918476D600][00000191851E8880 49] iPadMini3, [00000191846D4C00][00000191851ECA00 49] iPadMini4, [000001918476EF00][00000191851F0B80 49] iPadMini5, [000001918470E300][00000191FB15CE40 49] iPhone6, [000001918470E400][00000191851F4E80 49] iPodTouch6, [00000191846D5000][00000191FB165140 49] iPhone7, [00000191846D6400][00000191FB161180 49] iPodTouch7, [000001918470EE00][00000191FB169300 49] iPhone5S, [00000191846D4900][00000191FB16D480 49] iPhone6Plus, [000001918470CC00][00000191FB171600 49] iPhone6S, [00000191846D5300][00000191FB175780 49] iPhone6SPlus, [000001918470F600][00000191851D18C0 49] iPhone7Plus, [00000191846D6C00][00000191FB179A00 49] iPhoneSE, [000001918470F100][00000191FB17DB40 49] iPhone8, [00000191846D4700][00000191FB180100 49] iPhone8Plus, [000001918470C500][00000191FB188280 49] iPhoneX, [00000191846D5500][00000191FB18C400 49] iPhoneXS, [000001918470D700][00000191FB190580 49] iPhoneXSMax, [00000191846D4100][00000191FF222700 49] iPhoneXR, [000001918470D000][00000191FF226880 49] iPhone11, [00000191846D6000][00000191FF22AA00 49] iPhone11Pro, [000001918470DD00][00000191FF22EB80 49] iPhone11ProMax, [00000191846D4D00][00000191FF232D00 49] iPhoneSE2, [000001918470D800][00000191FF236E80 49] iPhone12Mini, [00000191846D6E00][00000191FF23B000 49] iPhone12, [000001918470FC00][00000191FF23F180 49] iPhone12Pro, [00000191846D5B00][00000191FF243300 49] iPhone12ProMax, [000001918470FF00][00000191FF247480 49] iPadPro105, [00000191846D7F00][00000191FF24B600 49] iPadPro129, [000001918470D900][00000191FF24F780 49] iPadPro97, [00000191846D5800][00000191FF253900 49] iPadPro2_129, [000001918470C300][00000191FF257A80 49] iPad5, [00000191846D5700][00000191FB185BC0 49] iPad6, [000001918470DE00][00000191FF25A180 49] iPad7, [00000191846D7200][00000191FF25E2C0 49] iPad8, [000001918470CB00][00000191FF266440 49] iPadPro11, [00000191846D6700][00000191FF26A5C0 49] iPadPro2_11, [000001918470E000][00000191851F8740 49] iPadPro3_129, [00000191846D6800][00000191851FC8C0 49] iPadPro4_129, [000001918470D200][0000019185200A40 49] AppleTV, [00000191846D4800][0000019185204BC0 49] AppleTV4K, [0000019184728700][0000019185208D40 49] TVOS, [00000191847C1500][000001918520CEC0 49] Mac, [000001918472AC00][0000019185211040 49] MacClient, [00000191847C1700][00000191852151C0 49] MacNoEditor, [0000019184729C00][0000019185219340 49] MacServer, [00000191847C2400][000001918521D4C0 49] Linux, [000001918472B600][0000019185221640 49] LinuxAArch64, [00000191847C1100][00000191852257C0 49] LinuxNoEditor, [000001918472B000][0000019185229940 49] LinuxAArch64NoEditor, [00000191847C1B00][000001918522DAC0 49] LinuxClient, [000001918472AB00][00000191852300C0 49] LinuxAArch64Client, [00000191847C0700][00000191FF262200 49] LinuxServer, [0000019184729900][0000019185234340 49] LinuxAArch64Server, [00000191847C0E00][0000019185238480 49] Android, [0000019184728800][000001918523C5C0 49] Android_Low, [00000191847C1D00][0000019185244740 49] Android_Mid, [0000019184729600][00000191852488C0 49] Android_High, [000001918470EF00][000001918524CA40 49] Android_Default, [00000191846D4300][0000019185250BC0 49] Android_Adreno4xx, [000001918470FE00][0000019185254D40 49] Android_Adreno5xx_Low, [00000191846D7100][0000019185258EC0 49] Android_Adreno5xx, [000001918470C700][000001918525D040 49] Android_Adreno6xx, [00000191846D4400][00000191852611C0 49] Android_Adreno6xx_Vulkan, [000001918470D500][0000019185265340 49] Android_Mali_T6xx, [00000191846D7D00][00000191852694C0 49] Android_Mali_T7xx, [000001918470F000][000001918526D640 49] Android_Mali_T8xx, [00000191846D5900][00000191852717C0 49] Android_Mali_G71, [000001918470EC00][0000019185275940 49] Android_Mali_G72, [00000191846D7700][0000019185279AC0 49] Android_Mali_G72_Vulkan, [00000191847C1A00][000001918527C0C0 49] Android_Mali_G76, [00000191846D4200][0000019185280240 49] Android_Mali_G76_Vulkan, [00000191847C0300][0000019185240380 49] Android_Mali_G77, [00000191846D6600][00000191852844C0 49] Android_Mali_G77_Vulkan, [00000191847C2100][0000019185288600 49] Android_Mali_G78, [00000191846D7B00][000001918528C740 49] Android_Mali_G78_Vulkan, [00000191847C1E00][00000191852948C0 49] Android_Mali_G710, [00000191846D5200][0000019185298A40 49] Android_Mali_G710_Vulkan, [00000191847C0500][000001918529CBC0 49] Android_Vulkan_SM5, [00000191846D7E00][00000191852A0D40 49] Android_PowerVR_G6xxx, [00000191847C1000][00000191852A4EC0 49] Android_PowerVR_GT7xxx, [00000191846D5A00][00000191852A9040 49] Android_PowerVR_GE8xxx, [00000191847C0F00][00000191852AD1C0 49] Android_PowerVR_GM9xxx, [00000191846D6100][00000191852B1340 49] Android_PowerVR_GM9xxx_Vulkan, [000001918470C800][00000191852B54C0 49] Android_TegraK1, [00000191846D5E00][00000191852B9640 49] Android_Unknown_Vulkan, [000001918470DF00][00000191852BD7C0 49] Lumin, [00000191846D7900][00000191852C1940 49] Lumin_Desktop, [000001918470E800][00000191852C5AC0 49] HoloLens, 
[2025.05.27-11.02.16:134][  0]LogMeshReduction: Using QuadricMeshReduction for automatic static mesh reduction
[2025.05.27-11.02.16:134][  0]LogMeshReduction: Using SimplygonMeshReduction for automatic skeletal mesh reduction
[2025.05.27-11.02.16:134][  0]LogMeshReduction: Using ProxyLODMeshReduction for automatic mesh merging
[2025.05.27-11.02.16:134][  0]LogMeshReduction: No distributed automatic mesh merging module available
[2025.05.27-11.02.16:134][  0]LogMeshMerging: No distributed automatic mesh merging module available
[2025.05.27-11.02.16:299][  0]LogNetVersion: Lesson2 1.0.0, NetCL: 17155196, EngineNetVer: 17, GameNetVer: 0 (Checksum: 3605870074)
[2025.05.27-11.02.16:645][  0]LogTexture: Default maximum texture size for cubemaps generated from long-lat sources has been changed from 512 to unlimited. In order to preserve old behaiour for '/Engine/MapTemplates/Sky/DaylightAmbientCubemap.DaylightAmbientCubemap', its maximum texture size has been explicitly set to 512.
[2025.05.27-11.02.16:737][  0]LogHMD: PokeAHoleMaterial loaded successfully
[2025.05.27-11.02.16:873][  0]LogMoviePlayer: Initializing movie player
[2025.05.27-11.02.17:002][  0]LogNiagaraDebuggerClient: Niagara Debugger Client Initialized | Session: 5591D7C34ACF1D4E94488393767CA530 | Instance: 7F9BA14949DB5F9148C18B9AD2344DB8 (DESKTOP-06CE692-8552).
[2025.05.27-11.02.17:030][  0]LogCollectionManager: Loaded 0 collections in 0.001509 seconds
[2025.05.27-11.02.17:033][  0]LogFileCache: Scanning file cache for directory 'D:/Университет/6 семестр/VR/Lesson2/Saved/Collections/' took 0.00s
[2025.05.27-11.02.17:033][  0]LogFileCache: Scanning file cache for directory 'D:/Университет/6 семестр/VR/Lesson2/Content/Developers/Home/Collections/' took 0.00s
[2025.05.27-11.02.17:033][  0]LogFileCache: Scanning file cache for directory 'D:/Университет/6 семестр/VR/Lesson2/Content/Collections/' took 0.00s
[2025.05.27-11.02.17:033][  0]LogCollectionManager: Fixed up redirectors for 0 collections in 0.000003 seconds (updated 0 objects)
[2025.05.27-11.02.17:161][  0]LogTcpMessaging: Initializing TcpMessaging bridge
[2025.05.27-11.02.17:167][  0]LogUdpMessaging: Initializing bridge on interface 0.0.0.0:0 to multicast group 230.0.0.1:6666.
[2025.05.27-11.02.17:188][  0]LogPython: Using Python 3.7.7
[2025.05.27-11.02.17:952][  0]SourceControl: Source control is disabled
[2025.05.27-11.02.17:952][  0]SourceControl: Source control is disabled
[2025.05.27-11.02.17:957][  0]SourceControl: Source control is disabled
[2025.05.27-11.02.17:968][  0]LogUProjectInfo: Found projects:
[2025.05.27-11.02.17:971][  0]LogVSAccessor: Display: Unable to create Visual Studio setup instance: 80040154
[2025.05.27-11.02.17:972][  0]LogVSAccessor: Display: Unable to create Visual Studio setup instance: 80040154
[2025.05.27-11.02.17:974][  0]LogVSAccessor: Display: Unable to create Visual Studio setup instance: 80040154
[2025.05.27-11.02.18:144][  0]LogOpenImageDenoise: OIDN starting up
[2025.05.27-11.02.18:154][  0]LogAndroidPermission: UAndroidPermissionCallbackProxy::GetInstance
[2025.05.27-11.02.18:186][  0]LogAudioCaptureCore: Display: No Audio Capture implementations found. Audio input will be silent.
[2025.05.27-11.02.18:186][  0]LogAudioCaptureCore: Display: No Audio Capture implementations found. Audio input will be silent.
[2025.05.27-11.02.18:293][  0]LogOcInput: OculusInput pre-init called
[2025.05.27-11.02.18:304][  0]LogUObjectArray: 22121 objects as part of root set at end of initial load.
[2025.05.27-11.02.18:304][  0]LogUObjectAllocator: 5975632 out of 0 bytes used by permanent object pool.
[2025.05.27-11.02.18:304][  0]LogUObjectArray: CloseDisregardForGC: 0/0 objects in disregard for GC pool
[2025.05.27-11.02.18:366][  0]LogEngine: Initializing Engine...
[2025.05.27-11.02.18:371][  0]LogHMD: Failed to enumerate extensions. Please check that you have a valid OpenXR runtime installed.
[2025.05.27-11.02.18:372][  0]LogHMD: Failed to initialize OpenVR with code 110
[2025.05.27-11.02.18:372][  0]LogMagicLeap: Warning: VR disabled because ZI is not enabled.  To enable, in the editor, Edit -> Project Settings -> Plugins -> Magic Leap Plugin -> Enable Zero Iteration
[2025.05.27-11.02.18:374][  0]LogStats: UGameplayTagsManager::InitializeManager -  0.000 s
[2025.05.27-11.02.18:527][  0]LogInit: Initializing FReadOnlyCVARCache
[2025.05.27-11.02.18:527][  0]LogAudio: Display: Initializing Audio Device Manager...
[2025.05.27-11.02.18:533][  0]LogAudio: Display: Loading Default Audio Settings Objects...
[2025.05.27-11.02.18:534][  0]LogAudio: Display: No default SoundConcurrencyObject specified (or failed to load).
[2025.05.27-11.02.18:535][  0]LogAudio: Display: Audio Device Manager Initialized
[2025.05.27-11.02.18:535][  0]LogAudio: Display: Creating Audio Device:                 Id: 1, Scope: Shared, Realtime: True
[2025.05.27-11.02.18:535][  0]LogAudioMixer: Display: Audio Mixer Platform Settings:
[2025.05.27-11.02.18:535][  0]LogAudioMixer: Display: 	Sample Rate:						  48000
[2025.05.27-11.02.18:535][  0]LogAudioMixer: Display: 	Callback Buffer Frame Size Requested: 1024
[2025.05.27-11.02.18:535][  0]LogAudioMixer: Display: 	Callback Buffer Frame Size To Use:	  1024
[2025.05.27-11.02.18:535][  0]LogAudioMixer: Display: 	Number of buffers to queue:			  2
[2025.05.27-11.02.18:535][  0]LogAudioMixer: Display: 	Max Channels (voices):				  32
[2025.05.27-11.02.18:535][  0]LogAudioMixer: Display: 	Number of Async Source Workers:		  0
[2025.05.27-11.02.18:535][  0]LogAudio: Display: AudioDevice MaxSources: 32
[2025.05.27-11.02.18:536][  0]LogAudio: Display: Audio Spatialization Plugin: None (built-in).
[2025.05.27-11.02.18:536][  0]LogAudio: Display: Audio Reverb Plugin: None (built-in).
[2025.05.27-11.02.18:536][  0]LogAudio: Display: Audio Occlusion Plugin: None (built-in).
[2025.05.27-11.02.18:536][  0]LogAudioMixer: Display: Initializing audio mixer.
[2025.05.27-11.02.18:556][  0]LogAudioMixer: Display: 0: FrontLeft
[2025.05.27-11.02.18:556][  0]LogAudioMixer: Display: 1: FrontRight
[2025.05.27-11.02.18:577][  0]LogAudioMixer: Display: Using Audio Device Динамики (Cirrus Logic Superior High Definition Audio)
[2025.05.27-11.02.18:583][  0]LogAudioMixer: Display: Initializing Sound Submixes...
[2025.05.27-11.02.18:585][  0]LogAudioMixer: Display: Creating Master Submix 'MasterSubmixDefault'
[2025.05.27-11.02.18:585][  0]LogAudioMixer: Display: Creating Master Submix 'MasterReverbSubmixDefault'
[2025.05.27-11.02.18:586][  0]LogAudioMixer: Display: Creating Master Submix 'MasterEQSubmixDefault'
[2025.05.27-11.02.18:587][  0]LogAudioMixer: FMixerPlatformXAudio2::StartAudioStream() called
[2025.05.27-11.02.18:587][  0]LogAudioMixer: Display: Output buffers initialized: Frames=1024, Channels=2, Samples=2048
[2025.05.27-11.02.18:588][  0]LogAudioMixer: Display: Starting AudioMixerPlatformInterface::RunInternal()
[2025.05.27-11.02.18:588][  0]LogAudioMixer: Display: FMixerPlatformXAudio2::SubmitBuffer() called for the first time
[2025.05.27-11.02.18:588][  0]LogInit: FAudioDevice initialized.
[2025.05.27-11.02.18:592][  0]LogNetVersion: Set ProjectVersion to 1.0.0.0. Version Checksum will be recalculated on next use.
[2025.05.27-11.02.18:593][  0]LogInit: Texture streaming: Enabled
[2025.05.27-11.02.18:704][  0]LogAudio: Display: Audio Device (ID: 1) registered with world 'Untitled'.
[2025.05.27-11.02.18:704][  0]LogSlate: Updating window title bar state: overlay mode, drag disabled, window buttons hidden, title bar hidden
[2025.05.27-11.02.18:705][  0]LogInit: Display: Game Engine Initialized.
[2025.05.27-11.02.18:706][  0]LogNiagaraEditor: GEditor isn't valid! Particle reset commands will not work for Niagara components!
[2025.05.27-11.02.18:860][  0]LogInit: Display: Starting Game.
[2025.05.27-11.02.18:860][  0]LogNet: Browse: /Game/ThirdPersonBP/Maps/ThirdPersonExampleMap?Name=Player
[2025.05.27-11.02.18:860][  0]LogLoad: LoadMap: /Game/ThirdPersonBP/Maps/ThirdPersonExampleMap?Name=Player
[2025.05.27-11.02.18:860][  0]LogWorld: BeginTearingDown for /Temp/Untitled_0
[2025.05.27-11.02.18:862][  0]LogWorld: UWorld::CleanupWorld for Untitled, bSessionEnded=true, bCleanupResources=true
[2025.05.27-11.02.18:862][  0]LogSlate: InvalidateAllWidgets triggered.  All widgets were invalidated
[2025.05.27-11.02.18:873][  0]LogAudio: Display: Audio Device unregistered from world 'None'.
[2025.05.27-11.02.18:877][  0]LogUObjectHash: Compacting FUObjectHashTables data took   1.23ms
[2025.05.27-11.02.18:931][  0]LogUObjectGlobals: Warning: Failed to load '/Script/Blutility': Can't find file.
[2025.05.27-11.02.18:931][  0]LogUObjectGlobals: Warning: Failed to load '/Script/Blutility': Can't find file.
[2025.05.27-11.02.18:932][  0]LogUObjectGlobals: Warning: Failed to load '/Script/Blutility': Can't find file.
[2025.05.27-11.02.18:932][  0]LogLinker: Warning: Unable to load WB_widget with outer Package /Game/MyLogic/WB_widget because its class does not exist
[2025.05.27-11.02.18:932][  0]LogUObjectGlobals: Warning: Failed to load '/Script/Blutility': Can't find file.
[2025.05.27-11.02.18:932][  0]LogLinker: Warning: CreateExport: Failed to load Parent for WidgetBlueprintGeneratedClass /Game/MyLogic/WB_widget.WB_widget_C
[2025.05.27-11.02.18:932][  0]LogUObjectGlobals: Warning: Failed to load '/Script/Blutility': Can't find file.
[2025.05.27-11.02.18:932][  0]LogLinker: Warning: CreateExport: Failed to load Parent for WidgetBlueprintGeneratedClass /Game/MyLogic/WB_widget.WB_widget_C
[2025.05.27-11.02.18:932][  0]LogLinker: Warning: Unable to load Default__WB_widget_C with outer Package /Game/MyLogic/WB_widget because its class does not exist
[2025.05.27-11.02.18:932][  0]LogUObjectGlobals: Warning: Failed to load '/Script/Blutility': Can't find file.
[2025.05.27-11.02.18:932][  0]LogLinker: Warning: CreateExport: Failed to load Parent for WidgetBlueprintGeneratedClass /Game/MyLogic/WB_widget.WB_widget_C
[2025.05.27-11.02.18:932][  0]LogUObjectGlobals: Warning: Failed to load '/Script/Blutility': Can't find file.
[2025.05.27-11.02.18:932][  0]LogLinker: Warning: CreateExport: Failed to load Parent for WidgetBlueprintGeneratedClass /Game/MyLogic/WB_widget.WB_widget_C
[2025.05.27-11.02.18:932][  0]LogUObjectGlobals: Warning: Failed to load '/Script/Blutility': Can't find file.
[2025.05.27-11.02.18:932][  0]LogLinker: Warning: CreateExport: Failed to load Parent for WidgetBlueprintGeneratedClass /Game/MyLogic/WB_widget.WB_widget_C
[2025.05.27-11.02.18:932][  0]LogUObjectGlobals: Warning: [AssetLog] D:\Университет\6 семестр\VR\Lesson2\Content\MyLogic\NewHUD.uasset: Failed to load '/Script/Blutility': Can't find file.
[2025.05.27-11.02.18:932][  0]LogLinker: Warning: CreateExport: Failed to load Parent for WidgetBlueprintGeneratedClass /Game/MyLogic/WB_widget.WB_widget_C
[2025.05.27-11.02.18:933][  0]LogUObjectGlobals: Warning: [AssetLog] D:\Университет\6 семестр\VR\Lesson2\Content\MyLogic\NewHUD.uasset: Failed to load '/Script/Blutility': Can't find file.
[2025.05.27-11.02.18:933][  0]LogLinker: Warning: CreateExport: Failed to load Parent for WidgetBlueprintGeneratedClass /Game/MyLogic/WB_widget.WB_widget_C
[2025.05.27-11.02.18:933][  0]LogUObjectGlobals: Warning: [AssetLog] D:\Университет\6 семестр\VR\Lesson2\Content\MyLogic\NewHUD.uasset: Failed to load '/Script/Blutility': Can't find file.
[2025.05.27-11.02.18:933][  0]LogLinker: Warning: CreateExport: Failed to load Parent for WidgetBlueprintGeneratedClass /Game/MyLogic/WB_widget.WB_widget_C
[2025.05.27-11.02.18:934][  0]LogUObjectGlobals: Warning: [AssetLog] D:\Университет\6 семестр\VR\Lesson2\Content\MyLogic\NewHUD.uasset: Failed to load '/Script/Blutility': Can't find file.
[2025.05.27-11.02.18:934][  0]LogLinker: Warning: CreateExport: Failed to load Parent for WidgetBlueprintGeneratedClass /Game/MyLogic/WB_widget.WB_widget_C
[2025.05.27-11.02.18:934][  0]LogUObjectGlobals: Warning: [AssetLog] D:\Университет\6 семестр\VR\Lesson2\Content\MyLogic\NewHUD.uasset: Failed to load '/Script/Blutility': Can't find file.
[2025.05.27-11.02.18:934][  0]LogLinker: Warning: CreateExport: Failed to load Parent for WidgetBlueprintGeneratedClass /Game/MyLogic/WB_widget.WB_widget_C
[2025.05.27-11.02.18:979][  0]LogBlueprint: Error: [AssetLog] D:\Университет\6 семестр\VR\Lesson2\Content\MyLogic\NewHUD.uasset: [Compiler] Spawn node  Create Widget  must have a class specified.
[2025.05.27-11.02.18:979][  0]LogBlueprint: Error: [AssetLog] D:\Университет\6 семестр\VR\Lesson2\Content\MyLogic\NewHUD.uasset: [Compiler] In use pin  TestWidget  no longer exists on node  Set . Please refresh node or break links to remove pin.
[2025.05.27-11.02.18:979][  0]LogBlueprint: Error: [AssetLog] D:\Университет\6 семестр\VR\Lesson2\Content\MyLogic\NewHUD.uasset: [Compiler] In use pin  <Unnamed>  no longer exists on node  Set . Please refresh node or break links to remove pin.
[2025.05.27-11.02.19:012][  0]LogUObjectGlobals: Warning: [AssetLog] D:\Университет\6 семестр\VR\Lesson2\Content\MyLogic\WB_widget.uasset: Failed to load '/Script/Blutility': Can't find file.
[2025.05.27-11.02.19:012][  0]LogLinker: Warning: CreateExport: Failed to load Parent for WidgetBlueprintGeneratedClass /Game/MyLogic/WB_widget.WB_widget_C
[2025.05.27-11.02.19:209][  0]LogAudio: Display: Audio Device (ID: 1) registered with world 'ThirdPersonExampleMap'.
[2025.05.27-11.02.19:218][  0]LogAIModule: Creating AISystem for world ThirdPersonExampleMap
[2025.05.27-11.02.19:219][  0]LogLoad: Game class is 'ThirdPersonGameMode_C'
[2025.05.27-11.02.19:224][  0]LogWorld: Bringing World /Game/ThirdPersonBP/Maps/ThirdPersonExampleMap.ThirdPersonExampleMap up for play (max tick rate 0) at 2025.05.27-14.02.19
[2025.05.27-11.02.19:225][  0]LogWorld: Bringing up level for play took: 0.005643
[2025.05.27-11.02.19:234][  0]LogLoad: Took 0.374434 seconds to LoadMap(/Game/ThirdPersonBP/Maps/ThirdPersonExampleMap)
[2025.05.27-11.02.19:361][  0]LogSlate: Took 0.000412 seconds to synchronously load lazily loaded font '../../../Engine/Content/Slate/Fonts/Roboto-Regular.ttf' (155K)
[2025.05.27-11.02.19:450][  0]LogRenderer: Reallocating scene render targets to support 1280x720 Format 10 NumSamples 1 (Frame:1).
[2025.05.27-11.02.19:450][  0]LogInit: Display: Engine is initialized. Leaving FEngineLoop::Init()
[2025.05.27-11.02.19:450][  0]LogLoad: (Engine Initialization) Total time: 6.99 seconds
[2025.05.27-11.02.19:450][  0]LogLoad: (Engine Initialization) Total Blueprint compile time: 0.00 seconds
[2025.05.27-11.02.19:605][  0]LoadErrors: Warning: CreateExport: Failed to load Outer for resource 'WidgetTree': EditorUtilityWidgetBlueprint /Game/MyLogic/WB_widget.WB_widget
[2025.05.27-11.02.19:605][  0]LoadErrors: Warning: CreateExport: Failed to load Outer for resource 'CanvasPanel_0': WidgetTree /Game/MyLogic/WB_widget.WB_widget:WidgetTree
[2025.05.27-11.02.19:605][  0]LoadErrors: Warning: CreateExport: Failed to load Outer for resource 'WidgetTree': WidgetBlueprintGeneratedClass /Game/MyLogic/WB_widget.WB_widget_C
[2025.05.27-11.02.19:605][  0]LoadErrors: Warning: CreateExport: Failed to load Outer for resource 'CanvasPanel_0': WidgetTree /Game/MyLogic/WB_widget.WB_widget_C:WidgetTree
[2025.05.27-11.02.19:605][  0]LoadErrors: Warning: CreateExport: Failed to load Outer for resource 'CanvasPanelSlot_0': CanvasPanel /Game/MyLogic/WB_widget.WB_widget:WidgetTree.CanvasPanel_0
[2025.05.27-11.02.19:605][  0]LoadErrors: Warning: CreateExport: Failed to load Outer for resource 'CanvasPanelSlot_0': CanvasPanel /Game/MyLogic/WB_widget.WB_widget_C:WidgetTree.CanvasPanel_0
[2025.05.27-11.02.19:605][  0]LoadErrors: Warning: CreateExport: Failed to load Outer for resource 'EventGraph': EditorUtilityWidgetBlueprint /Game/MyLogic/WB_widget.WB_widget
[2025.05.27-11.02.19:606][  0]LoadErrors: Warning: CreateExport: Failed to load Outer for resource 'K2Node_Event_0': EdGraph /Game/MyLogic/WB_widget.WB_widget:EventGraph
[2025.05.27-11.02.19:606][  0]LoadErrors: Warning: CreateExport: Failed to load Outer for resource 'K2Node_Event_1': EdGraph /Game/MyLogic/WB_widget.WB_widget:EventGraph
[2025.05.27-11.02.19:606][  0]LoadErrors: Warning: CreateExport: Failed to load Outer for resource 'K2Node_Event_2': EdGraph /Game/MyLogic/WB_widget.WB_widget:EventGraph
[2025.05.27-11.02.19:606][  0]LoadErrors: Warning: CreateExport: Failed to load Outer for resource 'TextBlock_0': WidgetTree /Game/MyLogic/WB_widget.WB_widget:WidgetTree
[2025.05.27-11.02.19:606][  0]LoadErrors: Warning: CreateExport: Failed to load Outer for resource 'TextBlock_0': WidgetTree /Game/MyLogic/WB_widget.WB_widget_C:WidgetTree
[2025.05.27-11.02.19:609][  0]LogContentStreaming: Texture pool size now 1000 MB
[2025.05.27-11.02.19:616][  0]LogSlate: InvalidateAllWidgets triggered.  All widgets were invalidated
[2025.05.27-11.02.19:710][  0]LogRenderer: Reallocating scene render targets to support 128x128 Format 10 NumSamples 1 (Frame:1).
[2025.05.27-11.02.19:902][  0]LogRenderer: Reallocating scene render targets to support 1280x720 Format 10 NumSamples 1 (Frame:2).
[2025.05.27-11.02.20:174][  1]LogSlate: Took 0.000446 seconds to synchronously load lazily loaded font '../../../Engine/Content/Slate/Fonts/Roboto-Regular.ttf' (155K)
